<?xml version="1.0" encoding="UTF-8"?>
<!-- Generated by org.testng.reporters.JUnitXMLReporter -->
<testsuite ignored="0" hostname="DESKTOP-2A7S3HA" failures="0" tests="5" name="Surefire test" time="0.056" errors="0" timestamp="2025-11-26T13:54:11 EET">
  <testcase classname="com.qaschool.validators.PostValidatorTest" name="testPostValidationScenarios" time="0.006"/>
  <testcase classname="com.qaschool.validators.PostValidatorTest" name="testPostValidationScenarios" time="0.0"/>
  <testcase classname="com.qaschool.validators.PostValidatorTest" name="testPostValidationScenarios" time="0.001"/>
  <testcase classname="com.qaschool.validators.PostValidatorTest" name="testPostValidationScenarios" time="0.0"/>
  <testcase classname="com.qaschool.validators.PostValidatorTest" name="testPostValidationScenarios" time="0.0"/>
</testsuite> <!-- Surefire test -->
