<?xml version="1.0" encoding="UTF-8"?>
<testsuite xmlns:xsi="http://www.w3.org/2001/XMLSchema-instance" xsi:noNamespaceSchemaLocation="https://maven.apache.org/surefire/maven-surefire-plugin/xsd/surefire-test-report-3.0.xsd" version="3.0" name="com.qaschool.validators.PostValidatorTest" time="0.454" tests="5" errors="0" skipped="0" failures="0">
  <properties>
[...]
</properties>
  <testcase name="testPostValidationScenarios[Acesta este un post valid., POST_VALID](1)" classname="com.qaschool.validators.PostValidatorTest" time="0.005">
    <system-err><![CDATA[SLF4J: Failed to load class "org.slf4j.impl.StaticLoggerBinder".
SLF4J: Defaulting to no-operation (NOP) logger implementation
SLF4J: See http://www.slf4j.org/codes.html#StaticLoggerBinder for further details.
]]></system-err>
  </testcase>
  <testcase name="testPostValidationScenarios[null, ERROR_EMPTY](2)" classname="com.qaschool.validators.PostValidatorTest" time="0.0"/>
  <testcase name="testPostValidationScenarios[, ERROR_EMPTY](3)" classname="com.qaschool.validators.PostValidatorTest" time="0.0"/>
  <testcase name="testPostValidationScenarios[Acest post vorbește despre politică., ERROR_FORBIDDEN](4)" classname="com.qaschool.validators.PostValidatorTest" time="0.0"/>
  <testcase name="testPostValidationScenarios[aaaaaaaaaaaaaaaaaaaaaaaaaaaaaaaaaaaaaaaaaaaaaaaaaaaaaaaaaaaaaaaaaaaaaaaaaaaaaaaaaaaaaaaaaaaaaaaaaaaaaaaaaaaaaaaaaaaaaaaaaaaaaaaaaaaaaaaaaaaaaaaaaaaaaaaaaaaaaaaaaaaaaaaaaaaaaaaaaaaaaaaaaaaaaaaaaaaaaaaaaaaaaaaaaaaaaaaaaaaaaaaaaaaaaaaaaaaaaaaaaaaaaaaaaaaaaaaaaaaa, ERROR_TOO_LONG](5)" classname="com.qaschool.validators.PostValidatorTest" time="0.0"/>
</testsuite>