<?xml version="1.0" encoding="UTF-8"?>
<testng-results ignored="0" total="5" passed="5" failed="0" skipped="0">
  <reporter-output>
  </reporter-output>
  <suite started-at="2025-11-26T13:54:11 EET" name="Surefire suite" finished-at="2025-11-26T13:54:11 EET" duration-ms="56">
    <groups>
    </groups>
    <test started-at="2025-11-26T13:54:11 EET" name="Surefire test" finished-at="2025-11-26T13:54:11 EET" duration-ms="56">
      <class name="com.qaschool.validators.PostValidatorTest">
        <test-method is-config="true" signature="setup()[pri:0, instance:com.qaschool.validators.PostValidatorTest@5a4aa2f2]" started-at="2025-11-26T13:54:11 EET" name="setup" finished-at="2025-11-26T13:54:11 EET" duration-ms="12" status="PASS">
          <reporter-output>
          </reporter-output>
        </test-method> <!-- setup -->
        <test-method signature="testPostValidationScenarios(java.lang.String,java.lang.String)[pri:0, instance:com.qaschool.validators.PostValidatorTest@5a4aa2f2]" started-at="2025-11-26T13:54:11 EET" name="testPostValidationScenarios" data-provider="postDataProvider" finished-at="2025-11-26T13:54:11 EET" duration-ms="6" status="PASS">
          <params>
            <param index="0">
              <value>
                <![CDATA[Acesta este un post valid.]]>
              </value>
            </param>
            <param index="1">
              <value>
                <![CDATA[POST_VALID]]>
              </value>
            </param>
          </params>
          <reporter-output>
          </reporter-output>
        </test-method> <!-- testPostValidationScenarios -->
        <test-method signature="testPostValidationScenarios(java.lang.String,java.lang.String)[pri:0, instance:com.qaschool.validators.PostValidatorTest@5a4aa2f2]" started-at="2025-11-26T13:54:11 EET" name="testPostValidationScenarios" data-provider="postDataProvider" finished-at="2025-11-26T13:54:11 EET" duration-ms="0" status="PASS">
          <params>
            <param index="0">
              <value is-null="true"/>
            </param>
            <param index="1">
              <value>
                <![CDATA[ERROR_EMPTY]]>
              </value>
            </param>
          </params>
          <reporter-output>
          </reporter-output>
        </test-method> <!-- testPostValidationScenarios -->
        <test-method signature="testPostValidationScenarios(java.lang.String,java.lang.String)[pri:0, instance:com.qaschool.validators.PostValidatorTest@5a4aa2f2]" started-at="2025-11-26T13:54:11 EET" name="testPostValidationScenarios" data-provider="postDataProvider" finished-at="2025-11-26T13:54:11 EET" duration-ms="1" status="PASS">
          <params>
            <param index="0">
              <value>
                <![CDATA[]]>
              </value>
            </param>
            <param index="1">
              <value>
                <![CDATA[ERROR_EMPTY]]>
              </value>
            </param>
          </params>
          <reporter-output>
          </reporter-output>
        </test-method> <!-- testPostValidationScenarios -->
        <test-method signature="testPostValidationScenarios(java.lang.String,java.lang.String)[pri:0, instance:com.qaschool.validators.PostValidatorTest@5a4aa2f2]" started-at="2025-11-26T13:54:11 EET" name="testPostValidationScenarios" data-provider="postDataProvider" finished-at="2025-11-26T13:54:11 EET" duration-ms="0" status="PASS">
          <params>
            <param index="0">
              <value>
                <![CDATA[Acest post vorbește despre politică.]]>
              </value>
            </param>
            <param index="1">
              <value>
                <![CDATA[ERROR_FORBIDDEN]]>
              </value>
            </param>
          </params>
          <reporter-output>
          </reporter-output>
        </test-method> <!-- testPostValidationScenarios -->
        <test-method signature="testPostValidationScenarios(java.lang.String,java.lang.String)[pri:0, instance:com.qaschool.validators.PostValidatorTest@5a4aa2f2]" started-at="2025-11-26T13:54:11 EET" name="testPostValidationScenarios" data-provider="postDataProvider" finished-at="2025-11-26T13:54:11 EET" duration-ms="0" status="PASS">
          <params>
            <param index="0">
              <value>
                <![CDATA[aaaaaaaaaaaaaaaaaaaaaaaaaaaaaaaaaaaaaaaaaaaaaaaaaaaaaaaaaaaaaaaaaaaaaaaaaaaaaaaaaaaaaaaaaaaaaaaaaaaaaaaaaaaaaaaaaaaaaaaaaaaaaaaaaaaaaaaaaaaaaaaaaaaaaaaaaaaaaaaaaaaaaaaaaaaaaaaaaaaaaaaaaaaaaaaaaaaaaaaaaaaaaaaaaaaaaaaaaaaaaaaaaaaaaaaaaaaaaaaaaaaaaaaaaaaaaaaaaaaa]]>
              </value>
            </param>
            <param index="1">
              <value>
                <![CDATA[ERROR_TOO_LONG]]>
              </value>
            </param>
          </params>
          <reporter-output>
          </reporter-output>
        </test-method> <!-- testPostValidationScenarios -->
      </class> <!-- com.qaschool.validators.PostValidatorTest -->
    </test> <!-- Surefire test -->
  </suite> <!-- Surefire suite -->
</testng-results>
