<?xml version="1.0" encoding="UTF-8"?>
<!-- Generated by org.testng.reporters.JUnitReportReporter -->
<testsuite hostname="DESKTOP-2A7S3HA" failures="0" tests="5" name="com.qaschool.validators.PostValidatorTest" time="0.007" errors="0" timestamp="2025-11-26T13:54:12 EET" skipped="0">
  <testcase classname="com.qaschool.validators.PostValidatorTest" name="testPostValidationScenarios" time="0.006"/>
  <testcase classname="com.qaschool.validators.PostValidatorTest" name="testPostValidationScenarios" time="0.000"/>
  <testcase classname="com.qaschool.validators.PostValidatorTest" name="testPostValidationScenarios" time="0.000"/>
  <testcase classname="com.qaschool.validators.PostValidatorTest" name="testPostValidationScenarios" time="0.001"/>
  <testcase classname="com.qaschool.validators.PostValidatorTest" name="testPostValidationScenarios" time="0.000"/>
</testsuite> <!-- com.qaschool.validators.PostValidatorTest -->
